16:40:00.196 [pool-2-thread-2] DEBUG io.netty.buffer.ByteBufUtil - -Dio.netty.maxThreadLocalCharBufferSize: 16384
16:40:00.420 [Forwarding newSession on session null to remote] DEBUG io.netty.channel.DefaultChannelId - -Dio.netty.processId: 10926 (auto-detected)
16:40:00.421 [Forwarding newSession on session null to remote] DEBUG io.netty.util.NetUtil - -Djava.net.preferIPv4Stack: false
16:40:00.421 [Forwarding newSession on session null to remote] DEBUG io.netty.util.NetUtil - -Djava.net.preferIPv6Addresses: false
16:40:00.423 [Forwarding newSession on session null to remote] DEBUG io.netty.util.NetUtilInitializations - Loopback interface: lo0 (lo0, 0:0:0:0:0:0:0:1%lo0)
16:40:00.424 [Forwarding newSession on session null to remote] DEBUG io.netty.util.NetUtil - Failed to get SOMAXCONN from sysctl and file /proc/sys/net/core/somaxconn. Default: 128
16:40:00.426 [Forwarding newSession on session null to remote] DEBUG io.netty.channel.DefaultChannelId - -Dio.netty.machineId: ac:de:48:ff:fe:00:11:22 (auto-detected)
16:40:00.465 [AsyncHttpClient-1-2] DEBUG io.netty.buffer.AbstractByteBuf - -Dio.netty.buffer.checkAccessible: true
16:40:00.465 [AsyncHttpClient-1-2] DEBUG io.netty.buffer.AbstractByteBuf - -Dio.netty.buffer.checkBounds: true
16:40:00.465 [AsyncHttpClient-1-2] DEBUG io.netty.util.ResourceLeakDetectorFactory - Loaded default ResourceLeakDetector: io.netty.util.ResourceLeakDetector@40478fa7
16:40:00.484 [AsyncHttpClient-1-3] DEBUG io.netty.util.Recycler - -Dio.netty.recycler.maxCapacityPerThread: 4096
16:40:00.484 [AsyncHttpClient-1-3] DEBUG io.netty.util.Recycler - -Dio.netty.recycler.maxSharedCapacityFactor: 2
16:40:00.484 [AsyncHttpClient-1-3] DEBUG io.netty.util.Recycler - -Dio.netty.recycler.linkCapacity: 16
16:40:00.485 [AsyncHttpClient-1-3] DEBUG io.netty.util.Recycler - -Dio.netty.recycler.ratio: 8
16:40:00.485 [AsyncHttpClient-1-3] DEBUG io.netty.util.Recycler - -Dio.netty.recycler.delayedQueue.ratio: 8
16:40:02.335 [pool-2-thread-2] DEBUG io.netty.util.internal.ThreadLocalRandom - -Dio.netty.initialSeedUniquifier: 0x0a1fda02e167d315
16:40:03.677 [pool-2-thread-1] INFO  stepDefinitions.steps - URL launched
16:40:03.866 [pool-2-thread-1] INFO  stepDefinitions.steps - Clicked My Account 
16:40:04.137 [pool-2-thread-2] INFO  stepDefinitions.steps - URL launched
16:40:04.183 [pool-2-thread-2] INFO  stepDefinitions.steps - Clicked My Account 
16:40:07.289 [pool-2-thread-1] INFO  stepDefinitions.steps - Clicked on Register
16:40:07.425 [pool-2-thread-1] INFO  stepDefinitions.steps - Provided First Name
16:40:07.473 [pool-2-thread-1] INFO  stepDefinitions.steps - Provided Last Name
16:40:07.537 [pool-2-thread-1] INFO  stepDefinitions.steps - Provided email
16:40:07.606 [pool-2-thread-1] INFO  stepDefinitions.steps - Provided Telephone
16:40:07.611 [pool-2-thread-2] INFO  stepDefinitions.steps - Clicked on Login Link
16:40:07.667 [pool-2-thread-1] INFO  stepDefinitions.steps - Provided Password
16:40:07.723 [pool-2-thread-1] INFO  stepDefinitions.steps - Provided Confirm Password
16:40:07.744 [pool-2-thread-2] INFO  stepDefinitions.steps - Set Provided email
16:40:07.768 [pool-2-thread-1] INFO  stepDefinitions.steps - Clicked on Radio Button
16:40:07.803 [pool-2-thread-2] INFO  stepDefinitions.steps - Set Provided password
16:40:07.836 [pool-2-thread-1] INFO  stepDefinitions.steps - Clicked on Privacy Policy
16:40:10.801 [pool-2-thread-1] INFO  stepDefinitions.steps - Clicked on Continue Button
16:40:10.949 [pool-2-thread-1] INFO  stepDefinitions.steps - Validation Passed
16:49:56.284 [pool-2-thread-2] DEBUG io.netty.util.internal.logging.InternalLoggerFactory - Using Log4J2 as the default logging framework
16:49:56.290 [pool-2-thread-2] DEBUG io.netty.util.ResourceLeakDetector - -Dio.netty.leakDetection.level: simple
16:49:56.290 [pool-2-thread-2] DEBUG io.netty.util.ResourceLeakDetector - -Dio.netty.leakDetection.targetRecords: 4
16:49:56.294 [pool-2-thread-2] DEBUG io.netty.util.ResourceLeakDetectorFactory - Loaded default ResourceLeakDetector: io.netty.util.ResourceLeakDetector@3e19a5da
16:49:56.307 [pool-2-thread-2] DEBUG io.netty.util.internal.PlatformDependent - Platform: MacOS
16:49:56.308 [pool-2-thread-2] DEBUG io.netty.util.internal.PlatformDependent0 - -Dio.netty.noUnsafe: false
16:49:56.308 [pool-2-thread-2] DEBUG io.netty.util.internal.PlatformDependent0 - Java version: 8
16:49:56.309 [pool-2-thread-2] DEBUG io.netty.util.internal.PlatformDependent0 - sun.misc.Unsafe.theUnsafe: available
16:49:56.309 [pool-2-thread-2] DEBUG io.netty.util.internal.PlatformDependent0 - sun.misc.Unsafe.copyMemory: available
16:49:56.310 [pool-2-thread-2] DEBUG io.netty.util.internal.PlatformDependent0 - java.nio.Buffer.address: available
16:49:56.310 [pool-2-thread-2] DEBUG io.netty.util.internal.PlatformDependent0 - direct buffer constructor: available
16:49:56.311 [pool-2-thread-2] DEBUG io.netty.util.internal.PlatformDependent0 - java.nio.Bits.unaligned: available, true
16:49:56.311 [pool-2-thread-2] DEBUG io.netty.util.internal.PlatformDependent0 - jdk.internal.misc.Unsafe.allocateUninitializedArray(int): unavailable prior to Java9
16:49:56.311 [pool-2-thread-2] DEBUG io.netty.util.internal.PlatformDependent0 - java.nio.DirectByteBuffer.<init>(long, int): available
16:49:56.311 [pool-2-thread-2] DEBUG io.netty.util.internal.PlatformDependent - sun.misc.Unsafe: available
16:49:56.311 [pool-2-thread-2] DEBUG io.netty.util.internal.PlatformDependent - -Dio.netty.tmpdir: /var/folders/9z/2xh0v91139g95yjpxfg4djhh0000gn/T (java.io.tmpdir)
16:49:56.311 [pool-2-thread-2] DEBUG io.netty.util.internal.PlatformDependent - -Dio.netty.bitMode: 64 (sun.arch.data.model)
16:49:56.313 [pool-2-thread-2] DEBUG io.netty.util.internal.PlatformDependent - -Dio.netty.maxDirectMemory: 1908932608 bytes
16:49:56.313 [pool-2-thread-2] DEBUG io.netty.util.internal.PlatformDependent - -Dio.netty.uninitializedArrayAllocationThreshold: -1
16:49:56.314 [pool-2-thread-2] DEBUG io.netty.util.internal.CleanerJava6 - java.nio.ByteBuffer.cleaner(): available
16:49:56.314 [pool-2-thread-2] DEBUG io.netty.util.internal.PlatformDependent - -Dio.netty.noPreferDirect: false
16:49:56.323 [pool-2-thread-2] DEBUG io.netty.util.internal.PlatformDependent - org.jctools-core.MpscChunkedArrayQueue: available
16:49:56.337 [pool-2-thread-2] DEBUG io.netty.util.internal.InternalThreadLocalMap - -Dio.netty.threadLocalMap.stringBuilder.initialSize: 1024
16:49:56.337 [pool-2-thread-2] DEBUG io.netty.util.internal.InternalThreadLocalMap - -Dio.netty.threadLocalMap.stringBuilder.maxSize: 4096
16:49:56.356 [pool-2-thread-2] DEBUG io.netty.handler.ssl.JdkSslContext - Default protocols (JDK): [TLSv1.2] 
16:49:56.357 [pool-2-thread-2] DEBUG io.netty.handler.ssl.JdkSslContext - Default cipher suites (JDK): [TLS_ECDHE_ECDSA_WITH_AES_256_GCM_SHA384, TLS_ECDHE_ECDSA_WITH_AES_128_GCM_SHA256, TLS_ECDHE_RSA_WITH_AES_128_GCM_SHA256, TLS_ECDHE_RSA_WITH_AES_256_GCM_SHA384, TLS_ECDHE_RSA_WITH_AES_128_CBC_SHA, TLS_ECDHE_RSA_WITH_AES_256_CBC_SHA, TLS_RSA_WITH_AES_128_GCM_SHA256, TLS_RSA_WITH_AES_128_CBC_SHA, TLS_RSA_WITH_AES_256_CBC_SHA, TLS_AES_128_GCM_SHA256, TLS_AES_256_GCM_SHA384]
16:49:56.377 [pool-2-thread-2] DEBUG io.netty.channel.MultithreadEventLoopGroup - -Dio.netty.eventLoopThreads: 16
16:49:56.385 [pool-2-thread-2] DEBUG io.netty.channel.nio.NioEventLoop - -Dio.netty.noKeySetOptimization: false
16:49:56.385 [pool-2-thread-2] DEBUG io.netty.channel.nio.NioEventLoop - -Dio.netty.selectorAutoRebuildThreshold: 512
16:49:56.388 [pool-2-thread-2] TRACE io.netty.channel.nio.NioEventLoop - instrumented a special java.util.Set into: sun.nio.ch.KQueueSelectorImpl@d3d6cda
16:49:56.389 [pool-2-thread-2] TRACE io.netty.channel.nio.NioEventLoop - instrumented a special java.util.Set into: sun.nio.ch.KQueueSelectorImpl@5ef6ced6
16:49:56.389 [pool-2-thread-2] TRACE io.netty.channel.nio.NioEventLoop - instrumented a special java.util.Set into: sun.nio.ch.KQueueSelectorImpl@384b326e
16:49:56.389 [pool-2-thread-2] TRACE io.netty.channel.nio.NioEventLoop - instrumented a special java.util.Set into: sun.nio.ch.KQueueSelectorImpl@254172c2
16:49:56.389 [pool-2-thread-2] TRACE io.netty.channel.nio.NioEventLoop - instrumented a special java.util.Set into: sun.nio.ch.KQueueSelectorImpl@29df4298
16:49:56.389 [pool-2-thread-2] TRACE io.netty.channel.nio.NioEventLoop - instrumented a special java.util.Set into: sun.nio.ch.KQueueSelectorImpl@4137a90b
16:49:56.389 [pool-2-thread-2] TRACE io.netty.channel.nio.NioEventLoop - instrumented a special java.util.Set into: sun.nio.ch.KQueueSelectorImpl@208e2b01
16:49:56.389 [pool-2-thread-2] TRACE io.netty.channel.nio.NioEventLoop - instrumented a special java.util.Set into: sun.nio.ch.KQueueSelectorImpl@e778ab0
16:49:56.389 [pool-2-thread-2] TRACE io.netty.channel.nio.NioEventLoop - instrumented a special java.util.Set into: sun.nio.ch.KQueueSelectorImpl@5defd264
16:49:56.390 [pool-2-thread-2] TRACE io.netty.channel.nio.NioEventLoop - instrumented a special java.util.Set into: sun.nio.ch.KQueueSelectorImpl@21ec4723
16:49:56.390 [pool-2-thread-2] TRACE io.netty.channel.nio.NioEventLoop - instrumented a special java.util.Set into: sun.nio.ch.KQueueSelectorImpl@70eba63c
16:49:56.390 [pool-2-thread-2] TRACE io.netty.channel.nio.NioEventLoop - instrumented a special java.util.Set into: sun.nio.ch.KQueueSelectorImpl@42fb809b
16:49:56.390 [pool-2-thread-2] TRACE io.netty.channel.nio.NioEventLoop - instrumented a special java.util.Set into: sun.nio.ch.KQueueSelectorImpl@61240652
16:49:56.390 [pool-2-thread-2] TRACE io.netty.channel.nio.NioEventLoop - instrumented a special java.util.Set into: sun.nio.ch.KQueueSelectorImpl@2232900a
16:49:56.390 [pool-2-thread-2] TRACE io.netty.channel.nio.NioEventLoop - instrumented a special java.util.Set into: sun.nio.ch.KQueueSelectorImpl@fc50836
16:49:56.390 [pool-2-thread-2] TRACE io.netty.channel.nio.NioEventLoop - instrumented a special java.util.Set into: sun.nio.ch.KQueueSelectorImpl@11a4ae0d
16:49:56.407 [pool-2-thread-2] DEBUG io.netty.buffer.PooledByteBufAllocator - -Dio.netty.allocator.numHeapArenas: 16
16:49:56.407 [pool-2-thread-2] DEBUG io.netty.buffer.PooledByteBufAllocator - -Dio.netty.allocator.numDirectArenas: 16
16:49:56.407 [pool-2-thread-2] DEBUG io.netty.buffer.PooledByteBufAllocator - -Dio.netty.allocator.pageSize: 8192
16:49:56.407 [pool-2-thread-2] DEBUG io.netty.buffer.PooledByteBufAllocator - -Dio.netty.allocator.maxOrder: 11
16:49:56.407 [pool-2-thread-2] DEBUG io.netty.buffer.PooledByteBufAllocator - -Dio.netty.allocator.chunkSize: 16777216
16:49:56.408 [pool-2-thread-2] DEBUG io.netty.buffer.PooledByteBufAllocator - -Dio.netty.allocator.smallCacheSize: 256
16:49:56.408 [pool-2-thread-2] DEBUG io.netty.buffer.PooledByteBufAllocator - -Dio.netty.allocator.normalCacheSize: 64
16:49:56.408 [pool-2-thread-2] DEBUG io.netty.buffer.PooledByteBufAllocator - -Dio.netty.allocator.maxCachedBufferCapacity: 32768
16:49:56.408 [pool-2-thread-2] DEBUG io.netty.buffer.PooledByteBufAllocator - -Dio.netty.allocator.cacheTrimInterval: 8192
16:49:56.408 [pool-2-thread-2] DEBUG io.netty.buffer.PooledByteBufAllocator - -Dio.netty.allocator.cacheTrimIntervalMillis: 0
16:49:56.408 [pool-2-thread-2] DEBUG io.netty.buffer.PooledByteBufAllocator - -Dio.netty.allocator.useCacheForAllThreads: true
16:49:56.408 [pool-2-thread-2] DEBUG io.netty.buffer.PooledByteBufAllocator - -Dio.netty.allocator.maxCachedByteBuffersPerChunk: 1023
16:49:56.418 [pool-2-thread-2] DEBUG io.netty.buffer.ByteBufUtil - -Dio.netty.allocator.type: pooled
16:49:56.418 [pool-2-thread-2] DEBUG io.netty.buffer.ByteBufUtil - -Dio.netty.threadLocalDirectBufferSize: 0
16:49:56.418 [pool-2-thread-2] DEBUG io.netty.buffer.ByteBufUtil - -Dio.netty.maxThreadLocalCharBufferSize: 16384
16:49:56.659 [Forwarding newSession on session null to remote] DEBUG io.netty.channel.DefaultChannelId - -Dio.netty.processId: 11096 (auto-detected)
16:49:56.661 [Forwarding newSession on session null to remote] DEBUG io.netty.util.NetUtil - -Djava.net.preferIPv4Stack: false
16:49:56.661 [Forwarding newSession on session null to remote] DEBUG io.netty.util.NetUtil - -Djava.net.preferIPv6Addresses: false
16:49:56.663 [Forwarding newSession on session null to remote] DEBUG io.netty.util.NetUtilInitializations - Loopback interface: lo0 (lo0, 0:0:0:0:0:0:0:1%lo0)
16:49:56.664 [Forwarding newSession on session null to remote] DEBUG io.netty.util.NetUtil - Failed to get SOMAXCONN from sysctl and file /proc/sys/net/core/somaxconn. Default: 128
16:49:56.666 [Forwarding newSession on session null to remote] DEBUG io.netty.channel.DefaultChannelId - -Dio.netty.machineId: ac:de:48:ff:fe:00:11:22 (auto-detected)
16:49:56.707 [AsyncHttpClient-1-3] DEBUG io.netty.buffer.AbstractByteBuf - -Dio.netty.buffer.checkAccessible: true
16:49:56.708 [AsyncHttpClient-1-3] DEBUG io.netty.buffer.AbstractByteBuf - -Dio.netty.buffer.checkBounds: true
16:49:56.708 [AsyncHttpClient-1-3] DEBUG io.netty.util.ResourceLeakDetectorFactory - Loaded default ResourceLeakDetector: io.netty.util.ResourceLeakDetector@4b4046b8
16:49:56.726 [AsyncHttpClient-1-2] DEBUG io.netty.util.Recycler - -Dio.netty.recycler.maxCapacityPerThread: 4096
16:49:56.726 [AsyncHttpClient-1-2] DEBUG io.netty.util.Recycler - -Dio.netty.recycler.maxSharedCapacityFactor: 2
16:49:56.726 [AsyncHttpClient-1-2] DEBUG io.netty.util.Recycler - -Dio.netty.recycler.linkCapacity: 16
16:49:56.726 [AsyncHttpClient-1-2] DEBUG io.netty.util.Recycler - -Dio.netty.recycler.ratio: 8
16:49:56.727 [AsyncHttpClient-1-2] DEBUG io.netty.util.Recycler - -Dio.netty.recycler.delayedQueue.ratio: 8
16:49:59.319 [pool-2-thread-2] DEBUG io.netty.util.internal.ThreadLocalRandom - -Dio.netty.initialSeedUniquifier: 0x8e236cc6769cf1da
16:50:00.370 [pool-2-thread-2] INFO  stepDefinitions.steps - URL launched
16:50:00.370 [pool-2-thread-1] INFO  stepDefinitions.steps - URL launched
16:50:00.499 [pool-2-thread-2] INFO  stepDefinitions.steps - Clicked My Account 
16:50:00.499 [pool-2-thread-1] INFO  stepDefinitions.steps - Clicked My Account 
16:50:00.855 [pool-2-thread-2] INFO  stepDefinitions.steps - Clicked on Login Link
16:50:00.968 [pool-2-thread-1] INFO  stepDefinitions.steps - Clicked on Register
16:50:01.019 [pool-2-thread-2] INFO  stepDefinitions.steps - Set Provided email
16:50:01.104 [pool-2-thread-2] INFO  stepDefinitions.steps - Set Provided password
16:50:01.138 [pool-2-thread-1] INFO  stepDefinitions.steps - Provided First Name
16:50:01.221 [pool-2-thread-1] INFO  stepDefinitions.steps - Provided Last Name
16:50:01.288 [pool-2-thread-1] INFO  stepDefinitions.steps - Provided email
16:50:01.350 [pool-2-thread-1] INFO  stepDefinitions.steps - Provided Telephone
16:50:01.411 [pool-2-thread-1] INFO  stepDefinitions.steps - Provided Password
16:50:01.462 [pool-2-thread-1] INFO  stepDefinitions.steps - Provided Confirm Password
16:50:01.507 [pool-2-thread-1] INFO  stepDefinitions.steps - Clicked on Radio Button
16:50:01.573 [pool-2-thread-1] INFO  stepDefinitions.steps - Clicked on Privacy Policy
16:50:02.394 [pool-2-thread-1] INFO  stepDefinitions.steps - Clicked on Continue Button
16:50:02.543 [pool-2-thread-1] INFO  stepDefinitions.steps - Validation Passed
17:07:12.619 [pool-2-thread-2] DEBUG io.netty.util.internal.logging.InternalLoggerFactory - Using Log4J2 as the default logging framework
17:07:12.631 [pool-2-thread-2] DEBUG io.netty.util.ResourceLeakDetector - -Dio.netty.leakDetection.level: simple
17:07:12.631 [pool-2-thread-2] DEBUG io.netty.util.ResourceLeakDetector - -Dio.netty.leakDetection.targetRecords: 4
17:07:12.637 [pool-2-thread-2] DEBUG io.netty.util.ResourceLeakDetectorFactory - Loaded default ResourceLeakDetector: io.netty.util.ResourceLeakDetector@1b94febc
17:07:12.655 [pool-2-thread-2] DEBUG io.netty.util.internal.PlatformDependent - Platform: MacOS
17:07:12.657 [pool-2-thread-2] DEBUG io.netty.util.internal.PlatformDependent0 - -Dio.netty.noUnsafe: false
17:07:12.657 [pool-2-thread-2] DEBUG io.netty.util.internal.PlatformDependent0 - Java version: 8
17:07:12.658 [pool-2-thread-2] DEBUG io.netty.util.internal.PlatformDependent0 - sun.misc.Unsafe.theUnsafe: available
17:07:12.659 [pool-2-thread-2] DEBUG io.netty.util.internal.PlatformDependent0 - sun.misc.Unsafe.copyMemory: available
17:07:12.659 [pool-2-thread-2] DEBUG io.netty.util.internal.PlatformDependent0 - java.nio.Buffer.address: available
17:07:12.660 [pool-2-thread-2] DEBUG io.netty.util.internal.PlatformDependent0 - direct buffer constructor: available
17:07:12.660 [pool-2-thread-2] DEBUG io.netty.util.internal.PlatformDependent0 - java.nio.Bits.unaligned: available, true
17:07:12.660 [pool-2-thread-2] DEBUG io.netty.util.internal.PlatformDependent0 - jdk.internal.misc.Unsafe.allocateUninitializedArray(int): unavailable prior to Java9
17:07:12.660 [pool-2-thread-2] DEBUG io.netty.util.internal.PlatformDependent0 - java.nio.DirectByteBuffer.<init>(long, int): available
17:07:12.660 [pool-2-thread-2] DEBUG io.netty.util.internal.PlatformDependent - sun.misc.Unsafe: available
17:07:12.661 [pool-2-thread-2] DEBUG io.netty.util.internal.PlatformDependent - -Dio.netty.tmpdir: /var/folders/9z/2xh0v91139g95yjpxfg4djhh0000gn/T (java.io.tmpdir)
17:07:12.661 [pool-2-thread-2] DEBUG io.netty.util.internal.PlatformDependent - -Dio.netty.bitMode: 64 (sun.arch.data.model)
17:07:12.661 [pool-2-thread-2] DEBUG io.netty.util.internal.PlatformDependent - -Dio.netty.maxDirectMemory: 1908932608 bytes
17:07:12.661 [pool-2-thread-2] DEBUG io.netty.util.internal.PlatformDependent - -Dio.netty.uninitializedArrayAllocationThreshold: -1
17:07:12.662 [pool-2-thread-2] DEBUG io.netty.util.internal.CleanerJava6 - java.nio.ByteBuffer.cleaner(): available
17:07:12.663 [pool-2-thread-2] DEBUG io.netty.util.internal.PlatformDependent - -Dio.netty.noPreferDirect: false
17:07:12.670 [pool-2-thread-2] DEBUG io.netty.util.internal.PlatformDependent - org.jctools-core.MpscChunkedArrayQueue: available
17:07:12.702 [pool-2-thread-2] DEBUG io.netty.util.internal.InternalThreadLocalMap - -Dio.netty.threadLocalMap.stringBuilder.initialSize: 1024
17:07:12.702 [pool-2-thread-2] DEBUG io.netty.util.internal.InternalThreadLocalMap - -Dio.netty.threadLocalMap.stringBuilder.maxSize: 4096
17:07:12.718 [pool-2-thread-2] DEBUG io.netty.handler.ssl.JdkSslContext - Default protocols (JDK): [TLSv1.2] 
17:07:12.718 [pool-2-thread-2] DEBUG io.netty.handler.ssl.JdkSslContext - Default cipher suites (JDK): [TLS_ECDHE_ECDSA_WITH_AES_256_GCM_SHA384, TLS_ECDHE_ECDSA_WITH_AES_128_GCM_SHA256, TLS_ECDHE_RSA_WITH_AES_128_GCM_SHA256, TLS_ECDHE_RSA_WITH_AES_256_GCM_SHA384, TLS_ECDHE_RSA_WITH_AES_128_CBC_SHA, TLS_ECDHE_RSA_WITH_AES_256_CBC_SHA, TLS_RSA_WITH_AES_128_GCM_SHA256, TLS_RSA_WITH_AES_128_CBC_SHA, TLS_RSA_WITH_AES_256_CBC_SHA, TLS_AES_128_GCM_SHA256, TLS_AES_256_GCM_SHA384]
17:07:12.745 [pool-2-thread-2] DEBUG io.netty.channel.MultithreadEventLoopGroup - -Dio.netty.eventLoopThreads: 16
17:07:12.753 [pool-2-thread-2] DEBUG io.netty.channel.nio.NioEventLoop - -Dio.netty.noKeySetOptimization: false
17:07:12.753 [pool-2-thread-2] DEBUG io.netty.channel.nio.NioEventLoop - -Dio.netty.selectorAutoRebuildThreshold: 512
17:07:12.757 [pool-2-thread-2] TRACE io.netty.channel.nio.NioEventLoop - instrumented a special java.util.Set into: sun.nio.ch.KQueueSelectorImpl@67ae0b27
17:07:12.757 [pool-2-thread-2] TRACE io.netty.channel.nio.NioEventLoop - instrumented a special java.util.Set into: sun.nio.ch.KQueueSelectorImpl@62eb3df2
17:07:12.757 [pool-2-thread-2] TRACE io.netty.channel.nio.NioEventLoop - instrumented a special java.util.Set into: sun.nio.ch.KQueueSelectorImpl@750be5bb
17:07:12.757 [pool-2-thread-2] TRACE io.netty.channel.nio.NioEventLoop - instrumented a special java.util.Set into: sun.nio.ch.KQueueSelectorImpl@1d1f91e1
17:07:12.757 [pool-2-thread-2] TRACE io.netty.channel.nio.NioEventLoop - instrumented a special java.util.Set into: sun.nio.ch.KQueueSelectorImpl@83aac88
17:07:12.757 [pool-2-thread-2] TRACE io.netty.channel.nio.NioEventLoop - instrumented a special java.util.Set into: sun.nio.ch.KQueueSelectorImpl@338514d0
17:07:12.758 [pool-2-thread-2] TRACE io.netty.channel.nio.NioEventLoop - instrumented a special java.util.Set into: sun.nio.ch.KQueueSelectorImpl@19090926
17:07:12.758 [pool-2-thread-2] TRACE io.netty.channel.nio.NioEventLoop - instrumented a special java.util.Set into: sun.nio.ch.KQueueSelectorImpl@78f8137f
17:07:12.758 [pool-2-thread-2] TRACE io.netty.channel.nio.NioEventLoop - instrumented a special java.util.Set into: sun.nio.ch.KQueueSelectorImpl@25fbbe04
17:07:12.758 [pool-2-thread-2] TRACE io.netty.channel.nio.NioEventLoop - instrumented a special java.util.Set into: sun.nio.ch.KQueueSelectorImpl@3ec31dff
17:07:12.758 [pool-2-thread-2] TRACE io.netty.channel.nio.NioEventLoop - instrumented a special java.util.Set into: sun.nio.ch.KQueueSelectorImpl@6f527338
17:07:12.758 [pool-2-thread-2] TRACE io.netty.channel.nio.NioEventLoop - instrumented a special java.util.Set into: sun.nio.ch.KQueueSelectorImpl@5709f646
17:07:12.758 [pool-2-thread-2] TRACE io.netty.channel.nio.NioEventLoop - instrumented a special java.util.Set into: sun.nio.ch.KQueueSelectorImpl@2f7a693d
17:07:12.758 [pool-2-thread-2] TRACE io.netty.channel.nio.NioEventLoop - instrumented a special java.util.Set into: sun.nio.ch.KQueueSelectorImpl@9f0a5c8
17:07:12.758 [pool-2-thread-2] TRACE io.netty.channel.nio.NioEventLoop - instrumented a special java.util.Set into: sun.nio.ch.KQueueSelectorImpl@75c7cc7d
17:07:12.758 [pool-2-thread-2] TRACE io.netty.channel.nio.NioEventLoop - instrumented a special java.util.Set into: sun.nio.ch.KQueueSelectorImpl@6d64bf45
17:07:12.781 [pool-2-thread-2] DEBUG io.netty.buffer.PooledByteBufAllocator - -Dio.netty.allocator.numHeapArenas: 16
17:07:12.781 [pool-2-thread-2] DEBUG io.netty.buffer.PooledByteBufAllocator - -Dio.netty.allocator.numDirectArenas: 16
17:07:12.781 [pool-2-thread-2] DEBUG io.netty.buffer.PooledByteBufAllocator - -Dio.netty.allocator.pageSize: 8192
17:07:12.781 [pool-2-thread-2] DEBUG io.netty.buffer.PooledByteBufAllocator - -Dio.netty.allocator.maxOrder: 11
17:07:12.781 [pool-2-thread-2] DEBUG io.netty.buffer.PooledByteBufAllocator - -Dio.netty.allocator.chunkSize: 16777216
17:07:12.781 [pool-2-thread-2] DEBUG io.netty.buffer.PooledByteBufAllocator - -Dio.netty.allocator.smallCacheSize: 256
17:07:12.781 [pool-2-thread-2] DEBUG io.netty.buffer.PooledByteBufAllocator - -Dio.netty.allocator.normalCacheSize: 64
17:07:12.781 [pool-2-thread-2] DEBUG io.netty.buffer.PooledByteBufAllocator - -Dio.netty.allocator.maxCachedBufferCapacity: 32768
17:07:12.781 [pool-2-thread-2] DEBUG io.netty.buffer.PooledByteBufAllocator - -Dio.netty.allocator.cacheTrimInterval: 8192
17:07:12.782 [pool-2-thread-2] DEBUG io.netty.buffer.PooledByteBufAllocator - -Dio.netty.allocator.cacheTrimIntervalMillis: 0
17:07:12.782 [pool-2-thread-2] DEBUG io.netty.buffer.PooledByteBufAllocator - -Dio.netty.allocator.useCacheForAllThreads: true
17:07:12.782 [pool-2-thread-2] DEBUG io.netty.buffer.PooledByteBufAllocator - -Dio.netty.allocator.maxCachedByteBuffersPerChunk: 1023
17:07:12.791 [pool-2-thread-2] DEBUG io.netty.buffer.ByteBufUtil - -Dio.netty.allocator.type: pooled
17:07:12.791 [pool-2-thread-2] DEBUG io.netty.buffer.ByteBufUtil - -Dio.netty.threadLocalDirectBufferSize: 0
17:07:12.791 [pool-2-thread-2] DEBUG io.netty.buffer.ByteBufUtil - -Dio.netty.maxThreadLocalCharBufferSize: 16384
17:07:13.095 [Forwarding newSession on session null to remote] DEBUG io.netty.channel.DefaultChannelId - -Dio.netty.processId: 11316 (auto-detected)
17:07:13.098 [Forwarding newSession on session null to remote] DEBUG io.netty.util.NetUtil - -Djava.net.preferIPv4Stack: false
17:07:13.098 [Forwarding newSession on session null to remote] DEBUG io.netty.util.NetUtil - -Djava.net.preferIPv6Addresses: false
17:07:13.100 [Forwarding newSession on session null to remote] DEBUG io.netty.util.NetUtilInitializations - Loopback interface: lo0 (lo0, 0:0:0:0:0:0:0:1%lo0)
17:07:13.101 [Forwarding newSession on session null to remote] DEBUG io.netty.util.NetUtil - Failed to get SOMAXCONN from sysctl and file /proc/sys/net/core/somaxconn. Default: 128
17:07:13.103 [Forwarding newSession on session null to remote] DEBUG io.netty.channel.DefaultChannelId - -Dio.netty.machineId: ac:de:48:ff:fe:00:11:22 (auto-detected)
17:07:13.152 [AsyncHttpClient-1-3] DEBUG io.netty.buffer.AbstractByteBuf - -Dio.netty.buffer.checkAccessible: true
17:07:13.152 [AsyncHttpClient-1-3] DEBUG io.netty.buffer.AbstractByteBuf - -Dio.netty.buffer.checkBounds: true
17:07:13.152 [AsyncHttpClient-1-3] DEBUG io.netty.util.ResourceLeakDetectorFactory - Loaded default ResourceLeakDetector: io.netty.util.ResourceLeakDetector@53e56284
17:07:13.173 [AsyncHttpClient-1-2] DEBUG io.netty.util.Recycler - -Dio.netty.recycler.maxCapacityPerThread: 4096
17:07:13.173 [AsyncHttpClient-1-2] DEBUG io.netty.util.Recycler - -Dio.netty.recycler.maxSharedCapacityFactor: 2
17:07:13.173 [AsyncHttpClient-1-2] DEBUG io.netty.util.Recycler - -Dio.netty.recycler.linkCapacity: 16
17:07:13.173 [AsyncHttpClient-1-2] DEBUG io.netty.util.Recycler - -Dio.netty.recycler.ratio: 8
17:07:13.173 [AsyncHttpClient-1-2] DEBUG io.netty.util.Recycler - -Dio.netty.recycler.delayedQueue.ratio: 8
17:07:15.468 [pool-2-thread-1] DEBUG io.netty.util.internal.ThreadLocalRandom - -Dio.netty.initialSeedUniquifier: 0xb572b25b00ddee8c
17:07:16.524 [pool-2-thread-2] INFO  stepDefinitions.steps - URL launched
17:07:16.557 [pool-2-thread-1] INFO  stepDefinitions.steps - URL launched
17:07:16.614 [pool-2-thread-1] INFO  stepDefinitions.steps - Clicked My Account 
17:07:16.839 [pool-2-thread-2] INFO  stepDefinitions.steps - Clicked My Account 
17:07:17.027 [pool-2-thread-1] INFO  stepDefinitions.steps - Clicked on Login Link
17:07:17.177 [pool-2-thread-1] INFO  stepDefinitions.steps - Set Provided email
17:07:17.220 [pool-2-thread-2] INFO  stepDefinitions.steps - Clicked on Login Link
17:07:17.250 [pool-2-thread-1] INFO  stepDefinitions.steps - Set Provided password
17:07:21.150 [pool-2-thread-2] INFO  stepDefinitions.steps - URL launched
17:07:21.396 [pool-2-thread-2] INFO  stepDefinitions.steps - Clicked My Account 
17:07:21.800 [pool-2-thread-2] INFO  stepDefinitions.steps - Clicked on Login Link
17:07:34.939 [pool-2-thread-2] INFO  stepDefinitions.steps - URL launched
17:07:34.986 [pool-2-thread-2] INFO  stepDefinitions.steps - Clicked My Account 
17:07:35.370 [pool-2-thread-2] INFO  stepDefinitions.steps - Clicked on Login Link
17:07:46.303 [AsyncHttpClient-1-5] DEBUG io.netty.buffer.PoolThreadCache - Freed 2 thread-local buffer(s) from thread: AsyncHttpClient-1-5
17:07:46.305 [AsyncHttpClient-1-6] DEBUG io.netty.buffer.PoolThreadCache - Freed 3 thread-local buffer(s) from thread: AsyncHttpClient-1-6
17:07:46.305 [AsyncHttpClient-1-7] DEBUG io.netty.buffer.PoolThreadCache - Freed 3 thread-local buffer(s) from thread: AsyncHttpClient-1-7
17:07:46.305 [AsyncHttpClient-1-4] DEBUG io.netty.buffer.PoolThreadCache - Freed 2 thread-local buffer(s) from thread: AsyncHttpClient-1-4
17:07:46.305 [AsyncHttpClient-1-10] DEBUG io.netty.buffer.PoolThreadCache - Freed 3 thread-local buffer(s) from thread: AsyncHttpClient-1-10
17:07:46.305 [AsyncHttpClient-1-9] DEBUG io.netty.buffer.PoolThreadCache - Freed 2 thread-local buffer(s) from thread: AsyncHttpClient-1-9
17:19:33.401 [pool-2-thread-1] DEBUG io.netty.util.internal.logging.InternalLoggerFactory - Using Log4J2 as the default logging framework
17:19:33.413 [pool-2-thread-1] DEBUG io.netty.util.ResourceLeakDetector - -Dio.netty.leakDetection.level: simple
17:19:33.414 [pool-2-thread-1] DEBUG io.netty.util.ResourceLeakDetector - -Dio.netty.leakDetection.targetRecords: 4
17:19:33.419 [pool-2-thread-1] DEBUG io.netty.util.ResourceLeakDetectorFactory - Loaded default ResourceLeakDetector: io.netty.util.ResourceLeakDetector@7884b6a6
17:19:33.438 [pool-2-thread-1] DEBUG io.netty.util.internal.PlatformDependent - Platform: MacOS
17:19:33.440 [pool-2-thread-1] DEBUG io.netty.util.internal.PlatformDependent0 - -Dio.netty.noUnsafe: false
17:19:33.440 [pool-2-thread-1] DEBUG io.netty.util.internal.PlatformDependent0 - Java version: 8
17:19:33.441 [pool-2-thread-1] DEBUG io.netty.util.internal.PlatformDependent0 - sun.misc.Unsafe.theUnsafe: available
17:19:33.442 [pool-2-thread-1] DEBUG io.netty.util.internal.PlatformDependent0 - sun.misc.Unsafe.copyMemory: available
17:19:33.443 [pool-2-thread-1] DEBUG io.netty.util.internal.PlatformDependent0 - java.nio.Buffer.address: available
17:19:33.444 [pool-2-thread-1] DEBUG io.netty.util.internal.PlatformDependent0 - direct buffer constructor: available
17:19:33.445 [pool-2-thread-1] DEBUG io.netty.util.internal.PlatformDependent0 - java.nio.Bits.unaligned: available, true
17:19:33.445 [pool-2-thread-1] DEBUG io.netty.util.internal.PlatformDependent0 - jdk.internal.misc.Unsafe.allocateUninitializedArray(int): unavailable prior to Java9
17:19:33.445 [pool-2-thread-1] DEBUG io.netty.util.internal.PlatformDependent0 - java.nio.DirectByteBuffer.<init>(long, int): available
17:19:33.445 [pool-2-thread-1] DEBUG io.netty.util.internal.PlatformDependent - sun.misc.Unsafe: available
17:19:33.445 [pool-2-thread-1] DEBUG io.netty.util.internal.PlatformDependent - -Dio.netty.tmpdir: /var/folders/9z/2xh0v91139g95yjpxfg4djhh0000gn/T (java.io.tmpdir)
17:19:33.445 [pool-2-thread-1] DEBUG io.netty.util.internal.PlatformDependent - -Dio.netty.bitMode: 64 (sun.arch.data.model)
17:19:33.446 [pool-2-thread-1] DEBUG io.netty.util.internal.PlatformDependent - -Dio.netty.maxDirectMemory: 1908932608 bytes
17:19:33.446 [pool-2-thread-1] DEBUG io.netty.util.internal.PlatformDependent - -Dio.netty.uninitializedArrayAllocationThreshold: -1
17:19:33.447 [pool-2-thread-1] DEBUG io.netty.util.internal.CleanerJava6 - java.nio.ByteBuffer.cleaner(): available
17:19:33.447 [pool-2-thread-1] DEBUG io.netty.util.internal.PlatformDependent - -Dio.netty.noPreferDirect: false
17:19:33.455 [pool-2-thread-1] DEBUG io.netty.util.internal.PlatformDependent - org.jctools-core.MpscChunkedArrayQueue: available
17:19:33.476 [pool-2-thread-1] DEBUG io.netty.util.internal.InternalThreadLocalMap - -Dio.netty.threadLocalMap.stringBuilder.initialSize: 1024
17:19:33.476 [pool-2-thread-1] DEBUG io.netty.util.internal.InternalThreadLocalMap - -Dio.netty.threadLocalMap.stringBuilder.maxSize: 4096
17:19:33.496 [pool-2-thread-1] DEBUG io.netty.handler.ssl.JdkSslContext - Default protocols (JDK): [TLSv1.2] 
17:19:33.496 [pool-2-thread-1] DEBUG io.netty.handler.ssl.JdkSslContext - Default cipher suites (JDK): [TLS_ECDHE_ECDSA_WITH_AES_256_GCM_SHA384, TLS_ECDHE_ECDSA_WITH_AES_128_GCM_SHA256, TLS_ECDHE_RSA_WITH_AES_128_GCM_SHA256, TLS_ECDHE_RSA_WITH_AES_256_GCM_SHA384, TLS_ECDHE_RSA_WITH_AES_128_CBC_SHA, TLS_ECDHE_RSA_WITH_AES_256_CBC_SHA, TLS_RSA_WITH_AES_128_GCM_SHA256, TLS_RSA_WITH_AES_128_CBC_SHA, TLS_RSA_WITH_AES_256_CBC_SHA, TLS_AES_128_GCM_SHA256, TLS_AES_256_GCM_SHA384]
17:19:33.524 [pool-2-thread-1] DEBUG io.netty.channel.MultithreadEventLoopGroup - -Dio.netty.eventLoopThreads: 16
17:19:33.532 [pool-2-thread-1] DEBUG io.netty.channel.nio.NioEventLoop - -Dio.netty.noKeySetOptimization: false
17:19:33.532 [pool-2-thread-1] DEBUG io.netty.channel.nio.NioEventLoop - -Dio.netty.selectorAutoRebuildThreshold: 512
17:19:33.536 [pool-2-thread-1] TRACE io.netty.channel.nio.NioEventLoop - instrumented a special java.util.Set into: sun.nio.ch.KQueueSelectorImpl@2c99d79f
17:19:33.537 [pool-2-thread-1] TRACE io.netty.channel.nio.NioEventLoop - instrumented a special java.util.Set into: sun.nio.ch.KQueueSelectorImpl@4f3c2fc0
17:19:33.537 [pool-2-thread-1] TRACE io.netty.channel.nio.NioEventLoop - instrumented a special java.util.Set into: sun.nio.ch.KQueueSelectorImpl@2dfb2c97
17:19:33.537 [pool-2-thread-1] TRACE io.netty.channel.nio.NioEventLoop - instrumented a special java.util.Set into: sun.nio.ch.KQueueSelectorImpl@420b3bc3
17:19:33.537 [pool-2-thread-1] TRACE io.netty.channel.nio.NioEventLoop - instrumented a special java.util.Set into: sun.nio.ch.KQueueSelectorImpl@2f2ab64c
17:19:33.537 [pool-2-thread-1] TRACE io.netty.channel.nio.NioEventLoop - instrumented a special java.util.Set into: sun.nio.ch.KQueueSelectorImpl@1c6de46
17:19:33.537 [pool-2-thread-1] TRACE io.netty.channel.nio.NioEventLoop - instrumented a special java.util.Set into: sun.nio.ch.KQueueSelectorImpl@752dc57d
17:19:33.537 [pool-2-thread-1] TRACE io.netty.channel.nio.NioEventLoop - instrumented a special java.util.Set into: sun.nio.ch.KQueueSelectorImpl@6ee32d38
17:19:33.538 [pool-2-thread-1] TRACE io.netty.channel.nio.NioEventLoop - instrumented a special java.util.Set into: sun.nio.ch.KQueueSelectorImpl@14017e7e
17:19:33.538 [pool-2-thread-1] TRACE io.netty.channel.nio.NioEventLoop - instrumented a special java.util.Set into: sun.nio.ch.KQueueSelectorImpl@2382b656
17:19:33.538 [pool-2-thread-1] TRACE io.netty.channel.nio.NioEventLoop - instrumented a special java.util.Set into: sun.nio.ch.KQueueSelectorImpl@381f9976
17:19:33.538 [pool-2-thread-1] TRACE io.netty.channel.nio.NioEventLoop - instrumented a special java.util.Set into: sun.nio.ch.KQueueSelectorImpl@4f62e9a0
17:19:33.538 [pool-2-thread-1] TRACE io.netty.channel.nio.NioEventLoop - instrumented a special java.util.Set into: sun.nio.ch.KQueueSelectorImpl@500f9cbc
17:19:33.538 [pool-2-thread-1] TRACE io.netty.channel.nio.NioEventLoop - instrumented a special java.util.Set into: sun.nio.ch.KQueueSelectorImpl@6609b0ed
17:19:33.538 [pool-2-thread-1] TRACE io.netty.channel.nio.NioEventLoop - instrumented a special java.util.Set into: sun.nio.ch.KQueueSelectorImpl@22995173
17:19:33.538 [pool-2-thread-1] TRACE io.netty.channel.nio.NioEventLoop - instrumented a special java.util.Set into: sun.nio.ch.KQueueSelectorImpl@7aee8369
17:19:33.570 [pool-2-thread-1] DEBUG io.netty.buffer.PooledByteBufAllocator - -Dio.netty.allocator.numHeapArenas: 16
17:19:33.571 [pool-2-thread-1] DEBUG io.netty.buffer.PooledByteBufAllocator - -Dio.netty.allocator.numDirectArenas: 16
17:19:33.571 [pool-2-thread-1] DEBUG io.netty.buffer.PooledByteBufAllocator - -Dio.netty.allocator.pageSize: 8192
17:19:33.571 [pool-2-thread-1] DEBUG io.netty.buffer.PooledByteBufAllocator - -Dio.netty.allocator.maxOrder: 11
17:19:33.571 [pool-2-thread-1] DEBUG io.netty.buffer.PooledByteBufAllocator - -Dio.netty.allocator.chunkSize: 16777216
17:19:33.571 [pool-2-thread-1] DEBUG io.netty.buffer.PooledByteBufAllocator - -Dio.netty.allocator.smallCacheSize: 256
17:19:33.571 [pool-2-thread-1] DEBUG io.netty.buffer.PooledByteBufAllocator - -Dio.netty.allocator.normalCacheSize: 64
17:19:33.571 [pool-2-thread-1] DEBUG io.netty.buffer.PooledByteBufAllocator - -Dio.netty.allocator.maxCachedBufferCapacity: 32768
17:19:33.571 [pool-2-thread-1] DEBUG io.netty.buffer.PooledByteBufAllocator - -Dio.netty.allocator.cacheTrimInterval: 8192
17:19:33.571 [pool-2-thread-1] DEBUG io.netty.buffer.PooledByteBufAllocator - -Dio.netty.allocator.cacheTrimIntervalMillis: 0
17:19:33.571 [pool-2-thread-1] DEBUG io.netty.buffer.PooledByteBufAllocator - -Dio.netty.allocator.useCacheForAllThreads: true
17:19:33.571 [pool-2-thread-1] DEBUG io.netty.buffer.PooledByteBufAllocator - -Dio.netty.allocator.maxCachedByteBuffersPerChunk: 1023
17:19:33.580 [pool-2-thread-1] DEBUG io.netty.buffer.ByteBufUtil - -Dio.netty.allocator.type: pooled
17:19:33.580 [pool-2-thread-1] DEBUG io.netty.buffer.ByteBufUtil - -Dio.netty.threadLocalDirectBufferSize: 0
17:19:33.580 [pool-2-thread-1] DEBUG io.netty.buffer.ByteBufUtil - -Dio.netty.maxThreadLocalCharBufferSize: 16384
17:19:33.901 [Forwarding newSession on session null to remote] DEBUG io.netty.channel.DefaultChannelId - -Dio.netty.processId: 11547 (auto-detected)
17:19:33.903 [Forwarding newSession on session null to remote] DEBUG io.netty.util.NetUtil - -Djava.net.preferIPv4Stack: false
17:19:33.903 [Forwarding newSession on session null to remote] DEBUG io.netty.util.NetUtil - -Djava.net.preferIPv6Addresses: false
17:19:33.905 [Forwarding newSession on session null to remote] DEBUG io.netty.util.NetUtilInitializations - Loopback interface: lo0 (lo0, 0:0:0:0:0:0:0:1%lo0)
17:19:33.906 [Forwarding newSession on session null to remote] DEBUG io.netty.util.NetUtil - Failed to get SOMAXCONN from sysctl and file /proc/sys/net/core/somaxconn. Default: 128
17:19:33.907 [Forwarding newSession on session null to remote] DEBUG io.netty.channel.DefaultChannelId - -Dio.netty.machineId: ac:de:48:ff:fe:00:11:22 (auto-detected)
17:19:33.956 [AsyncHttpClient-1-2] DEBUG io.netty.buffer.AbstractByteBuf - -Dio.netty.buffer.checkAccessible: true
17:19:33.956 [AsyncHttpClient-1-2] DEBUG io.netty.buffer.AbstractByteBuf - -Dio.netty.buffer.checkBounds: true
17:19:33.956 [AsyncHttpClient-1-2] DEBUG io.netty.util.ResourceLeakDetectorFactory - Loaded default ResourceLeakDetector: io.netty.util.ResourceLeakDetector@7a78a2e2
17:19:33.978 [AsyncHttpClient-1-3] DEBUG io.netty.util.Recycler - -Dio.netty.recycler.maxCapacityPerThread: 4096
17:19:33.978 [AsyncHttpClient-1-3] DEBUG io.netty.util.Recycler - -Dio.netty.recycler.maxSharedCapacityFactor: 2
17:19:33.979 [AsyncHttpClient-1-3] DEBUG io.netty.util.Recycler - -Dio.netty.recycler.linkCapacity: 16
17:19:33.979 [AsyncHttpClient-1-3] DEBUG io.netty.util.Recycler - -Dio.netty.recycler.ratio: 8
17:19:33.979 [AsyncHttpClient-1-3] DEBUG io.netty.util.Recycler - -Dio.netty.recycler.delayedQueue.ratio: 8
17:19:36.368 [pool-2-thread-1] DEBUG io.netty.util.internal.ThreadLocalRandom - -Dio.netty.initialSeedUniquifier: 0xdba787c063481a61
17:19:37.674 [pool-2-thread-1] INFO  stepDefinitions.steps - URL launched
17:19:37.724 [pool-2-thread-2] INFO  stepDefinitions.steps - URL launched
17:19:37.755 [pool-2-thread-1] INFO  stepDefinitions.steps - Clicked My Account 
17:19:37.792 [pool-2-thread-2] INFO  stepDefinitions.steps - Clicked My Account 
17:19:38.153 [pool-2-thread-2] INFO  stepDefinitions.steps - Clicked on Login Link
17:19:38.251 [pool-2-thread-1] INFO  stepDefinitions.steps - Clicked on Register
17:19:38.310 [pool-2-thread-2] INFO  stepDefinitions.steps - Set Provided email
17:19:38.377 [pool-2-thread-2] INFO  stepDefinitions.steps - Set Provided password
17:19:38.423 [pool-2-thread-1] INFO  stepDefinitions.steps - Provided First Name
17:19:38.480 [pool-2-thread-1] INFO  stepDefinitions.steps - Provided Last Name
17:19:38.540 [pool-2-thread-1] INFO  stepDefinitions.steps - Provided email
17:19:38.596 [pool-2-thread-1] INFO  stepDefinitions.steps - Provided Telephone
17:19:38.653 [pool-2-thread-1] INFO  stepDefinitions.steps - Provided Password
17:19:38.699 [pool-2-thread-1] INFO  stepDefinitions.steps - Provided Confirm Password
17:19:38.734 [pool-2-thread-1] INFO  stepDefinitions.steps - Clicked on Radio Button
17:19:38.794 [pool-2-thread-1] INFO  stepDefinitions.steps - Clicked on Privacy Policy
17:19:40.074 [pool-2-thread-1] INFO  stepDefinitions.steps - Clicked on Continue Button
17:19:40.217 [pool-2-thread-1] INFO  stepDefinitions.steps - Validation Passed
17:28:38.675 [pool-2-thread-2] DEBUG io.netty.util.internal.logging.InternalLoggerFactory - Using Log4J2 as the default logging framework
17:28:38.681 [pool-2-thread-2] DEBUG io.netty.util.ResourceLeakDetector - -Dio.netty.leakDetection.level: simple
17:28:38.681 [pool-2-thread-2] DEBUG io.netty.util.ResourceLeakDetector - -Dio.netty.leakDetection.targetRecords: 4
17:28:38.684 [pool-2-thread-2] DEBUG io.netty.util.ResourceLeakDetectorFactory - Loaded default ResourceLeakDetector: io.netty.util.ResourceLeakDetector@6648d53b
17:28:38.696 [pool-2-thread-2] DEBUG io.netty.util.internal.PlatformDependent - Platform: MacOS
17:28:38.698 [pool-2-thread-2] DEBUG io.netty.util.internal.PlatformDependent0 - -Dio.netty.noUnsafe: false
17:28:38.698 [pool-2-thread-2] DEBUG io.netty.util.internal.PlatformDependent0 - Java version: 8
17:28:38.698 [pool-2-thread-2] DEBUG io.netty.util.internal.PlatformDependent0 - sun.misc.Unsafe.theUnsafe: available
17:28:38.699 [pool-2-thread-2] DEBUG io.netty.util.internal.PlatformDependent0 - sun.misc.Unsafe.copyMemory: available
17:28:38.699 [pool-2-thread-2] DEBUG io.netty.util.internal.PlatformDependent0 - java.nio.Buffer.address: available
17:28:38.699 [pool-2-thread-2] DEBUG io.netty.util.internal.PlatformDependent0 - direct buffer constructor: available
17:28:38.700 [pool-2-thread-2] DEBUG io.netty.util.internal.PlatformDependent0 - java.nio.Bits.unaligned: available, true
17:28:38.700 [pool-2-thread-2] DEBUG io.netty.util.internal.PlatformDependent0 - jdk.internal.misc.Unsafe.allocateUninitializedArray(int): unavailable prior to Java9
17:28:38.700 [pool-2-thread-2] DEBUG io.netty.util.internal.PlatformDependent0 - java.nio.DirectByteBuffer.<init>(long, int): available
17:28:38.700 [pool-2-thread-2] DEBUG io.netty.util.internal.PlatformDependent - sun.misc.Unsafe: available
17:28:38.700 [pool-2-thread-2] DEBUG io.netty.util.internal.PlatformDependent - -Dio.netty.tmpdir: /var/folders/9z/2xh0v91139g95yjpxfg4djhh0000gn/T (java.io.tmpdir)
17:28:38.700 [pool-2-thread-2] DEBUG io.netty.util.internal.PlatformDependent - -Dio.netty.bitMode: 64 (sun.arch.data.model)
17:28:38.701 [pool-2-thread-2] DEBUG io.netty.util.internal.PlatformDependent - -Dio.netty.maxDirectMemory: 1908932608 bytes
17:28:38.701 [pool-2-thread-2] DEBUG io.netty.util.internal.PlatformDependent - -Dio.netty.uninitializedArrayAllocationThreshold: -1
17:28:38.702 [pool-2-thread-2] DEBUG io.netty.util.internal.CleanerJava6 - java.nio.ByteBuffer.cleaner(): available
17:28:38.702 [pool-2-thread-2] DEBUG io.netty.util.internal.PlatformDependent - -Dio.netty.noPreferDirect: false
17:28:38.707 [pool-2-thread-2] DEBUG io.netty.util.internal.PlatformDependent - org.jctools-core.MpscChunkedArrayQueue: available
17:28:38.721 [pool-2-thread-2] DEBUG io.netty.util.internal.InternalThreadLocalMap - -Dio.netty.threadLocalMap.stringBuilder.initialSize: 1024
17:28:38.721 [pool-2-thread-2] DEBUG io.netty.util.internal.InternalThreadLocalMap - -Dio.netty.threadLocalMap.stringBuilder.maxSize: 4096
17:28:38.739 [pool-2-thread-2] DEBUG io.netty.handler.ssl.JdkSslContext - Default protocols (JDK): [TLSv1.2] 
17:28:38.740 [pool-2-thread-2] DEBUG io.netty.handler.ssl.JdkSslContext - Default cipher suites (JDK): [TLS_ECDHE_ECDSA_WITH_AES_256_GCM_SHA384, TLS_ECDHE_ECDSA_WITH_AES_128_GCM_SHA256, TLS_ECDHE_RSA_WITH_AES_128_GCM_SHA256, TLS_ECDHE_RSA_WITH_AES_256_GCM_SHA384, TLS_ECDHE_RSA_WITH_AES_128_CBC_SHA, TLS_ECDHE_RSA_WITH_AES_256_CBC_SHA, TLS_RSA_WITH_AES_128_GCM_SHA256, TLS_RSA_WITH_AES_128_CBC_SHA, TLS_RSA_WITH_AES_256_CBC_SHA, TLS_AES_128_GCM_SHA256, TLS_AES_256_GCM_SHA384]
17:28:38.759 [pool-2-thread-2] DEBUG io.netty.channel.MultithreadEventLoopGroup - -Dio.netty.eventLoopThreads: 16
17:28:38.766 [pool-2-thread-2] DEBUG io.netty.channel.nio.NioEventLoop - -Dio.netty.noKeySetOptimization: false
17:28:38.766 [pool-2-thread-2] DEBUG io.netty.channel.nio.NioEventLoop - -Dio.netty.selectorAutoRebuildThreshold: 512
17:28:38.769 [pool-2-thread-2] TRACE io.netty.channel.nio.NioEventLoop - instrumented a special java.util.Set into: sun.nio.ch.KQueueSelectorImpl@4895bd57
17:28:38.769 [pool-2-thread-2] TRACE io.netty.channel.nio.NioEventLoop - instrumented a special java.util.Set into: sun.nio.ch.KQueueSelectorImpl@691f92fe
17:28:38.770 [pool-2-thread-2] TRACE io.netty.channel.nio.NioEventLoop - instrumented a special java.util.Set into: sun.nio.ch.KQueueSelectorImpl@c05f58f
17:28:38.770 [pool-2-thread-2] TRACE io.netty.channel.nio.NioEventLoop - instrumented a special java.util.Set into: sun.nio.ch.KQueueSelectorImpl@2bb2ea9c
17:28:38.770 [pool-2-thread-2] TRACE io.netty.channel.nio.NioEventLoop - instrumented a special java.util.Set into: sun.nio.ch.KQueueSelectorImpl@646bf4d1
17:28:38.770 [pool-2-thread-2] TRACE io.netty.channel.nio.NioEventLoop - instrumented a special java.util.Set into: sun.nio.ch.KQueueSelectorImpl@71f602c0
17:28:38.770 [pool-2-thread-2] TRACE io.netty.channel.nio.NioEventLoop - instrumented a special java.util.Set into: sun.nio.ch.KQueueSelectorImpl@52fc38fc
17:28:38.770 [pool-2-thread-2] TRACE io.netty.channel.nio.NioEventLoop - instrumented a special java.util.Set into: sun.nio.ch.KQueueSelectorImpl@6e26de35
17:28:38.770 [pool-2-thread-2] TRACE io.netty.channel.nio.NioEventLoop - instrumented a special java.util.Set into: sun.nio.ch.KQueueSelectorImpl@5550625c
17:28:38.770 [pool-2-thread-2] TRACE io.netty.channel.nio.NioEventLoop - instrumented a special java.util.Set into: sun.nio.ch.KQueueSelectorImpl@14f19a34
17:28:38.770 [pool-2-thread-2] TRACE io.netty.channel.nio.NioEventLoop - instrumented a special java.util.Set into: sun.nio.ch.KQueueSelectorImpl@27796b8e
17:28:38.770 [pool-2-thread-2] TRACE io.netty.channel.nio.NioEventLoop - instrumented a special java.util.Set into: sun.nio.ch.KQueueSelectorImpl@7ff6ce22
17:28:38.770 [pool-2-thread-2] TRACE io.netty.channel.nio.NioEventLoop - instrumented a special java.util.Set into: sun.nio.ch.KQueueSelectorImpl@29e20102
17:28:38.771 [pool-2-thread-2] TRACE io.netty.channel.nio.NioEventLoop - instrumented a special java.util.Set into: sun.nio.ch.KQueueSelectorImpl@31da1e30
17:28:38.771 [pool-2-thread-2] TRACE io.netty.channel.nio.NioEventLoop - instrumented a special java.util.Set into: sun.nio.ch.KQueueSelectorImpl@5d13269e
17:28:38.771 [pool-2-thread-2] TRACE io.netty.channel.nio.NioEventLoop - instrumented a special java.util.Set into: sun.nio.ch.KQueueSelectorImpl@145d64c0
17:28:38.793 [pool-2-thread-2] DEBUG io.netty.buffer.PooledByteBufAllocator - -Dio.netty.allocator.numHeapArenas: 16
17:28:38.793 [pool-2-thread-2] DEBUG io.netty.buffer.PooledByteBufAllocator - -Dio.netty.allocator.numDirectArenas: 16
17:28:38.793 [pool-2-thread-2] DEBUG io.netty.buffer.PooledByteBufAllocator - -Dio.netty.allocator.pageSize: 8192
17:28:38.793 [pool-2-thread-2] DEBUG io.netty.buffer.PooledByteBufAllocator - -Dio.netty.allocator.maxOrder: 11
17:28:38.793 [pool-2-thread-2] DEBUG io.netty.buffer.PooledByteBufAllocator - -Dio.netty.allocator.chunkSize: 16777216
17:28:38.794 [pool-2-thread-2] DEBUG io.netty.buffer.PooledByteBufAllocator - -Dio.netty.allocator.smallCacheSize: 256
17:28:38.794 [pool-2-thread-2] DEBUG io.netty.buffer.PooledByteBufAllocator - -Dio.netty.allocator.normalCacheSize: 64
17:28:38.794 [pool-2-thread-2] DEBUG io.netty.buffer.PooledByteBufAllocator - -Dio.netty.allocator.maxCachedBufferCapacity: 32768
17:28:38.794 [pool-2-thread-2] DEBUG io.netty.buffer.PooledByteBufAllocator - -Dio.netty.allocator.cacheTrimInterval: 8192
17:28:38.794 [pool-2-thread-2] DEBUG io.netty.buffer.PooledByteBufAllocator - -Dio.netty.allocator.cacheTrimIntervalMillis: 0
17:28:38.794 [pool-2-thread-2] DEBUG io.netty.buffer.PooledByteBufAllocator - -Dio.netty.allocator.useCacheForAllThreads: true
17:28:38.794 [pool-2-thread-2] DEBUG io.netty.buffer.PooledByteBufAllocator - -Dio.netty.allocator.maxCachedByteBuffersPerChunk: 1023
17:28:38.802 [pool-2-thread-2] DEBUG io.netty.buffer.ByteBufUtil - -Dio.netty.allocator.type: pooled
17:28:38.802 [pool-2-thread-2] DEBUG io.netty.buffer.ByteBufUtil - -Dio.netty.threadLocalDirectBufferSize: 0
17:28:38.802 [pool-2-thread-2] DEBUG io.netty.buffer.ByteBufUtil - -Dio.netty.maxThreadLocalCharBufferSize: 16384
17:28:39.110 [Forwarding newSession on session null to remote] DEBUG io.netty.channel.DefaultChannelId - -Dio.netty.processId: 11720 (auto-detected)
17:28:39.112 [Forwarding newSession on session null to remote] DEBUG io.netty.util.NetUtil - -Djava.net.preferIPv4Stack: false
17:28:39.112 [Forwarding newSession on session null to remote] DEBUG io.netty.util.NetUtil - -Djava.net.preferIPv6Addresses: false
17:28:39.114 [Forwarding newSession on session null to remote] DEBUG io.netty.util.NetUtilInitializations - Loopback interface: lo0 (lo0, 0:0:0:0:0:0:0:1%lo0)
17:28:39.114 [Forwarding newSession on session null to remote] DEBUG io.netty.util.NetUtil - Failed to get SOMAXCONN from sysctl and file /proc/sys/net/core/somaxconn. Default: 128
17:28:39.116 [Forwarding newSession on session null to remote] DEBUG io.netty.channel.DefaultChannelId - -Dio.netty.machineId: ac:de:48:ff:fe:00:11:22 (auto-detected)
17:28:39.152 [AsyncHttpClient-1-2] DEBUG io.netty.buffer.AbstractByteBuf - -Dio.netty.buffer.checkAccessible: true
17:28:39.152 [AsyncHttpClient-1-2] DEBUG io.netty.buffer.AbstractByteBuf - -Dio.netty.buffer.checkBounds: true
17:28:39.153 [AsyncHttpClient-1-2] DEBUG io.netty.util.ResourceLeakDetectorFactory - Loaded default ResourceLeakDetector: io.netty.util.ResourceLeakDetector@f24aea
17:28:39.174 [AsyncHttpClient-1-2] DEBUG io.netty.util.Recycler - -Dio.netty.recycler.maxCapacityPerThread: 4096
17:28:39.174 [AsyncHttpClient-1-2] DEBUG io.netty.util.Recycler - -Dio.netty.recycler.maxSharedCapacityFactor: 2
17:28:39.174 [AsyncHttpClient-1-2] DEBUG io.netty.util.Recycler - -Dio.netty.recycler.linkCapacity: 16
17:28:39.174 [AsyncHttpClient-1-2] DEBUG io.netty.util.Recycler - -Dio.netty.recycler.ratio: 8
17:28:39.174 [AsyncHttpClient-1-2] DEBUG io.netty.util.Recycler - -Dio.netty.recycler.delayedQueue.ratio: 8
17:28:41.565 [pool-2-thread-1] DEBUG io.netty.util.internal.ThreadLocalRandom - -Dio.netty.initialSeedUniquifier: 0xe053e9a2ae975ff5
17:28:42.473 [pool-2-thread-1] INFO  stepDefinitions.steps - URL launched
17:28:42.523 [pool-2-thread-2] INFO  stepDefinitions.steps - URL launched
17:28:42.586 [pool-2-thread-2] INFO  stepDefinitions.steps - Clicked My Account 
17:28:42.604 [pool-2-thread-1] INFO  stepDefinitions.steps - Clicked My Account 
17:28:42.929 [pool-2-thread-2] INFO  stepDefinitions.steps - Clicked on Login Link
17:28:43.035 [pool-2-thread-1] INFO  stepDefinitions.steps - Clicked on Register
17:28:43.086 [pool-2-thread-2] INFO  stepDefinitions.steps - Set Provided email
17:28:43.155 [pool-2-thread-2] INFO  stepDefinitions.steps - Set Provided password
17:28:43.191 [pool-2-thread-1] INFO  stepDefinitions.steps - Provided First Name
17:28:43.260 [pool-2-thread-1] INFO  stepDefinitions.steps - Provided Last Name
17:28:43.326 [pool-2-thread-1] INFO  stepDefinitions.steps - Provided email
